<?xml version="1.0" encoding="utf-8"?><testsuites name="pytest tests"><testsuite name="pytest" errors="0" failures="0" skipped="0" tests="11" time="21.882" timestamp="2026-04-25T11:29:41.418501+02:00" hostname="DESKTOP-2OUI3G2"><testcase classname="tests.e2e.test_fno_scenarios" name="test_fno_dashboard_health" time="3.412" /><testcase classname="tests.e2e.test_fno_scenarios" name="test_fno_dashboard_portfolio_summary" time="1.033" /><testcase classname="tests.e2e.test_fno_scenarios" name="test_fno_positions" time="1.030" /><testcase classname="tests.e2e.test_fno_scenarios" name="test_fno_margin" time="1.020" /><testcase classname="tests.e2e.test_fno_scenarios" name="test_fno_greeks" time="5.044" /><testcase classname="tests.e2e.test_fno_scenarios" name="test_fno_risk_reward_price_history" time="1.090" /><testcase classname="tests.e2e.test_fno_scenarios" name="test_fno_hedge_history" time="1.034" /><testcase classname="tests.e2e.test_fno_scenarios" name="test_fno_hedge_history_list" time="1.040" /><testcase classname="tests.e2e.test_fno_scenarios" name="test_fno_manoeuvre_groups" time="5.034" /><testcase classname="tests.e2e.test_fno_scenarios" name="test_fno_manoeuvre_snapshot" time="1.023" /><testcase classname="tests.e2e.test_fno_scenarios" name="test_fno_manoeuvre_pnl_history" time="1.040" /></testsuite></testsuites>