<?xml version="1.0" encoding="utf-8"?><testsuites name="pytest tests"><testsuite name="pytest" errors="0" failures="0" skipped="0" tests="11" time="24.732" timestamp="2026-04-17T17:37:43.393353+02:00" hostname="DESKTOP-2OUI3G2"><testcase classname="tests.e2e.test_fno_scenarios" name="test_fno_dashboard_health" time="6.273" /><testcase classname="tests.e2e.test_fno_scenarios" name="test_fno_dashboard_portfolio_summary" time="1.037" /><testcase classname="tests.e2e.test_fno_scenarios" name="test_fno_positions" time="1.017" /><testcase classname="tests.e2e.test_fno_scenarios" name="test_fno_margin" time="1.017" /><testcase classname="tests.e2e.test_fno_scenarios" name="test_fno_greeks" time="5.042" /><testcase classname="tests.e2e.test_fno_scenarios" name="test_fno_risk_reward_price_history" time="1.028" /><testcase classname="tests.e2e.test_fno_scenarios" name="test_fno_hedge_history" time="1.014" /><testcase classname="tests.e2e.test_fno_scenarios" name="test_fno_hedge_history_list" time="1.026" /><testcase classname="tests.e2e.test_fno_scenarios" name="test_fno_manoeuvre_groups" time="5.039" /><testcase classname="tests.e2e.test_fno_scenarios" name="test_fno_manoeuvre_snapshot" time="1.029" /><testcase classname="tests.e2e.test_fno_scenarios" name="test_fno_manoeuvre_pnl_history" time="1.045" /></testsuite></testsuites>