<?xml version="1.0" encoding="utf-8"?><testsuites name="pytest tests"><testsuite name="pytest" errors="0" failures="1" skipped="0" tests="124" time="6.676" timestamp="2026-04-17T17:33:26.351791+02:00" hostname="DESKTOP-2OUI3G2"><testcase classname="tests.unit.test_api_experience.TestDashboardRouter" name="test_get_dashboard_returns_200" time="0.016" /><testcase classname="tests.unit.test_api_experience.TestDashboardRouter" name="test_get_dashboard_has_positions_key" time="0.013" /><testcase classname="tests.unit.test_api_experience.TestDashboardRouter" name="test_get_dashboard_has_latest_training_run_key" time="0.011" /><testcase classname="tests.unit.test_api_experience.TestDashboardRouter" name="test_get_dashboard_has_recent_alerts_key" time="0.012" /><testcase classname="tests.unit.test_api_experience.TestDashboardRouter" name="test_get_dashboard_empty_dataset_returns_valid_payload" time="0.012" /><testcase classname="tests.unit.test_api_experience.TestFnoRouter" name="test_get_fno_returns_200" time="0.012" /><testcase classname="tests.unit.test_api_experience.TestFnoRouter" name="test_get_fno_has_snapshots_key" time="0.011" /><testcase classname="tests.unit.test_api_experience.TestFnoRouter" name="test_get_fno_has_portfolio_key" time="0.010" /><testcase classname="tests.unit.test_api_experience.TestFnoRouter" name="test_get_fno_has_recent_manoeuvres_key" time="0.011" /><testcase classname="tests.unit.test_api_experience.TestFnoRouter" name="test_get_fno_empty_dataset_returns_valid_payload" time="0.011" /><testcase classname="tests.unit.test_api_experience.TestOpsRouter" name="test_get_ops_returns_200" time="0.012" /><testcase classname="tests.unit.test_api_experience.TestOpsRouter" name="test_get_ops_has_training_runs_key" time="0.011" /><testcase classname="tests.unit.test_api_experience.TestOpsRouter" name="test_get_ops_has_backtest_runs_key" time="0.010" /><testcase classname="tests.unit.test_api_experience.TestOpsRouter" name="test_get_ops_has_recent_audit_key" time="0.012" /><testcase classname="tests.unit.test_api_experience.TestOpsRouter" name="test_get_ops_empty_dataset_returns_valid_payload" time="0.010" /><testcase classname="tests.unit.test_api_system.TestPositionsRouter" name="test_list_positions_returns_200" time="0.009" /><testcase classname="tests.unit.test_api_system.TestPositionsRouter" name="test_list_positions_returns_list_type" time="0.009" /><testcase classname="tests.unit.test_api_system.TestPositionsRouter" name="test_get_position_by_id_returns_200_for_existing" time="0.009" /><testcase classname="tests.unit.test_api_system.TestPositionsRouter" name="test_get_position_by_id_returns_404_for_missing" time="0.009" /><testcase classname="tests.unit.test_api_system.TestPositionsRouter" name="test_get_position_404_has_detail_and_trace_id" time="0.010" /><testcase classname="tests.unit.test_api_system.TestPositionsRouter" name="test_put_position_upsert_returns_200" time="0.009" /><testcase classname="tests.unit.test_api_system.TestPositionsRouter" name="test_delete_position_returns_404_when_missing" time="0.009" /><testcase classname="tests.unit.test_api_system.TestOrdersRouter" name="test_list_orders_returns_200" time="0.010" /><testcase classname="tests.unit.test_api_system.TestOrdersRouter" name="test_get_order_by_id_returns_200_for_existing" time="0.009" /><testcase classname="tests.unit.test_api_system.TestOrdersRouter" name="test_get_order_by_id_returns_404_for_missing" time="0.010" /><testcase classname="tests.unit.test_api_system.TestOrdersRouter" name="test_delete_order_returns_204_when_found" time="0.009" /><testcase classname="tests.unit.test_api_system.TestSnapshotsRouter" name="test_list_snapshots_returns_200" time="0.013" /><testcase classname="tests.unit.test_api_system.TestSnapshotsRouter" name="test_get_snapshot_returns_404_for_missing" time="0.016" /><testcase classname="tests.unit.test_api_system.TestSnapshotsRouter" name="test_get_snapshot_returns_200_for_existing" time="0.016" /><testcase classname="tests.unit.test_api_system.TestTradesRouter" name="test_list_trades_returns_200" time="0.016" /><testcase classname="tests.unit.test_api_system.TestTradesRouter" name="test_get_trade_returns_404_for_missing" time="0.016" /><testcase classname="tests.unit.test_api_system.TestTradesRouter" name="test_get_trade_returns_200_for_existing" time="0.018" /><testcase classname="tests.unit.test_api_system.TestAlertsRouter" name="test_list_alerts_returns_200" time="0.017" /><testcase classname="tests.unit.test_api_system.TestAlertsRouter" name="test_get_alert_returns_404_for_missing" time="0.015" /><testcase classname="tests.unit.test_api_system.TestAlertsRouter" name="test_get_alert_returns_200_for_existing" time="0.016" /><testcase classname="tests.unit.test_api_system.TestAuditRouter" name="test_list_audit_returns_200" time="0.017" /><testcase classname="tests.unit.test_api_system.TestAuditRouter" name="test_get_audit_returns_404_for_missing" time="0.016" /><testcase classname="tests.unit.test_api_system.TestAuditRouter" name="test_get_audit_returns_200_for_existing" time="0.017" /><testcase classname="tests.unit.test_api_system.TestMarketDataRouter" name="test_list_market_data_returns_200" time="0.018" /><testcase classname="tests.unit.test_api_system.TestMarketDataRouter" name="test_get_market_data_returns_404_for_missing" time="0.015" /><testcase classname="tests.unit.test_api_system.TestMarketDataRouter" name="test_get_market_data_returns_200_for_existing" time="0.016" /><testcase classname="tests.unit.test_api_system.TestConfigOverridesRouter" name="test_list_config_overrides_returns_200" time="0.016" /><testcase classname="tests.unit.test_api_system.TestConfigOverridesRouter" name="test_get_config_override_returns_404_for_missing" time="0.017" /><testcase classname="tests.unit.test_api_system.TestConfigOverridesRouter" name="test_get_config_override_returns_200_for_existing" time="0.015" /><testcase classname="tests.unit.test_api_system.TestConfigOverridesRouter" name="test_put_config_override_upsert_returns_200" time="0.018" /><testcase classname="tests.unit.test_api_workflow.TestTrainRouter" name="test_post_train_returns_202_with_pending_status" time="0.018" /><testcase classname="tests.unit.test_api_workflow.TestTrainRouter" name="test_post_train_response_has_pending_status" time="0.017" /><testcase classname="tests.unit.test_api_workflow.TestTrainRouter" name="test_post_train_invalid_payload_returns_422" time="0.015" /><testcase classname="tests.unit.test_api_workflow.TestTrainRouter" name="test_list_train_runs_returns_200" time="0.016" /><testcase classname="tests.unit.test_api_workflow.TestTrainRouter" name="test_get_train_run_by_id_returns_200_for_existing" time="0.016" /><testcase classname="tests.unit.test_api_workflow.TestTrainRouter" name="test_get_train_run_by_id_returns_404_for_missing" time="0.018" /><testcase classname="tests.unit.test_api_workflow.TestTrainRouter" name="test_get_train_metrics_returns_404_for_missing_run" time="0.016" /><testcase classname="tests.unit.test_api_workflow.TestBacktestRouter" name="test_post_backtest_returns_202" time="0.019" /><testcase classname="tests.unit.test_api_workflow.TestBacktestRouter" name="test_post_backtest_response_has_pending_status" time="0.017" /><testcase classname="tests.unit.test_api_workflow.TestBacktestRouter" name="test_post_backtest_invalid_payload_returns_422" time="0.016" /><testcase classname="tests.unit.test_api_workflow.TestBacktestRouter" name="test_list_backtest_runs_returns_200" time="0.017" /><testcase classname="tests.unit.test_api_workflow.TestBacktestRouter" name="test_get_backtest_run_returns_404_for_missing" time="0.016" /><testcase classname="tests.unit.test_api_workflow.TestEvaluateRouter" name="test_post_evaluate_returns_202" time="0.020" /><testcase classname="tests.unit.test_api_workflow.TestEvaluateRouter" name="test_post_evaluate_response_has_pending_status" time="0.017" /><testcase classname="tests.unit.test_api_workflow.TestEvaluateRouter" name="test_post_evaluate_invalid_payload_returns_422" time="0.015" /><testcase classname="tests.unit.test_api_workflow.TestEvaluateRouter" name="test_list_evaluations_returns_200" time="0.017" /><testcase classname="tests.unit.test_api_workflow.TestEvaluateRouter" name="test_get_evaluation_run_returns_404_for_missing" time="0.016" /><testcase classname="tests.unit.test_api_workflow.TestEvaluateRouter" name="test_evaluate_triggered_by_is_evaluate" time="0.017" /><testcase classname="tests.unit.test_auth" name="test_create_and_decode_token" time="0.021" /><testcase classname="tests.unit.test_auth" name="test_expired_token" time="0.003" /><testcase classname="tests.unit.test_auth" name="test_invalid_token" time="0.003" /><testcase classname="tests.unit.test_config.TestDefaultsLoaded" name="test_defaults_loaded" time="0.040" /><testcase classname="tests.unit.test_config.TestEnvOverrideMerges" name="test_env_override_merges" time="0.026" /><testcase classname="tests.unit.test_config.TestJwtSecretFromEnvVar" name="test_jwt_secret_from_env_var" time="0.025"><failure message="AssertionError: assert 'dev-secret-change-in-prod' == 'supersecretv...ethan32chars!'&#10;  &#10;  #x1B[0m#x1B[91m- supersecretvaluethatismorethan32chars!#x1B[39;49;00m#x1B[90m#x1B[39;49;00m&#10;  #x1B[92m+ dev-secret-change-in-prod#x1B[39;49;00m#x1B[90m#x1B[39;49;00m">self = &lt;tests.unit.test_config.TestJwtSecretFromEnvVar object at 0x000002061EA34B60&gt;
make_config_dir = &lt;function make_config_dir.&lt;locals&gt;._factory at 0x000002061EBFDDA0&gt;
monkeypatch = &lt;_pytest.monkeypatch.MonkeyPatch object at 0x000002061EB48770&gt;

    def test_jwt_secret_from_env_var(self, make_config_dir, monkeypatch):
        """RITA_JWT_SECRET env var is accessible via settings.security.jwt_secret."""
        make_config_dir()
        monkeypatch.delenv("RITA_ENV", raising=False)
        monkeypatch.setenv("RITA_JWT_SECRET", "supersecretvaluethatismorethan32chars!")
    
        from rita.config import Settings
    
        s = Settings()
    
&gt;       assert s.security.jwt_secret.get_secret_value() == "supersecretvaluethatismorethan32chars!"
E       AssertionError: assert 'dev-secret-change-in-prod' == 'supersecretv...ethan32chars!'
E         
E         #x1B[0m#x1B[91m- supersecretvaluethatismorethan32chars!#x1B[39;49;00m#x1B[90m#x1B[39;49;00m
E         #x1B[92m+ dev-secret-change-in-prod#x1B[39;49;00m#x1B[90m#x1B[39;49;00m

tests\unit\test_config.py:133: AssertionError</failure></testcase><testcase classname="tests.unit.test_config.TestJwtSecretNotInYaml" name="test_jwt_secret_not_in_yaml" time="0.014" /><testcase classname="tests.unit.test_config.TestStagingRequiresSecret" name="test_staging_requires_secret" time="0.012" /><testcase classname="tests.unit.test_config.TestStagingRequiresSecret" name="test_staging_requires_secret_min_length" time="0.012" /><testcase classname="tests.unit.test_config.TestUnknownEnvFallsBackGracefully" name="test_unknown_env_falls_back_gracefully" time="0.011" /><testcase classname="tests.unit.test_config.TestDeepMergeDoesNotClobberSiblings" name="test_deep_merge_does_not_clobber_siblings" time="0.023" /><testcase classname="tests.unit.test_greeks" name="test_call_price_atm" time="0.001" /><testcase classname="tests.unit.test_greeks" name="test_put_price_atm" time="0.001" /><testcase classname="tests.unit.test_greeks" name="test_delta_call" time="0.001" /><testcase classname="tests.unit.test_greeks" name="test_delta_put" time="0.001" /><testcase classname="tests.unit.test_greeks" name="test_gamma" time="0.002" /><testcase classname="tests.unit.test_greeks" name="test_theta_call_is_negative" time="0.001" /><testcase classname="tests.unit.test_greeks" name="test_vega_positive" time="0.001" /><testcase classname="tests.unit.test_greeks" name="test_put_call_parity" time="0.001" /><testcase classname="tests.unit.test_middleware.TestTraceIDMiddleware" name="test_response_always_has_x_request_id_header" time="0.010" /><testcase classname="tests.unit.test_middleware.TestTraceIDMiddleware" name="test_custom_x_request_id_is_echoed_back" time="0.009" /><testcase classname="tests.unit.test_middleware.TestTraceIDMiddleware" name="test_auto_generated_x_request_id_is_uuid_format" time="0.010" /><testcase classname="tests.unit.test_middleware.TestTraceIDMiddleware" name="test_health_endpoint_has_x_request_id" time="0.057" /><testcase classname="tests.unit.test_middleware.TestHttpExceptionHandler" name="test_404_response_has_detail_key" time="0.008" /><testcase classname="tests.unit.test_middleware.TestHttpExceptionHandler" name="test_404_response_has_trace_id_key" time="0.097" /><testcase classname="tests.unit.test_middleware.TestHttpExceptionHandler" name="test_404_response_trace_id_matches_response_header" time="0.011" /><testcase classname="tests.unit.test_middleware.TestHttpExceptionHandler" name="test_404_on_unknown_route_has_detail_and_trace_id" time="0.009" /><testcase classname="tests.unit.test_middleware.TestValidationExceptionHandler" name="test_422_response_has_detail_key" time="0.011" /><testcase classname="tests.unit.test_middleware.TestValidationExceptionHandler" name="test_422_response_has_trace_id_key" time="0.011" /><testcase classname="tests.unit.test_middleware.TestValidationExceptionHandler" name="test_422_response_has_x_request_id_header" time="0.012" /><testcase classname="tests.unit.test_middleware.TestRepositoryValidationHandler" name="test_repository_validation_error_returns_422" time="0.011" /><testcase classname="tests.unit.test_middleware.TestRepositoryValidationHandler" name="test_repository_validation_error_has_trace_id" time="0.010" /><testcase classname="tests.unit.test_middleware.TestUnhandledExceptionHandler" name="test_unhandled_exception_returns_500" time="1.668" /><testcase classname="tests.unit.test_middleware.TestUnhandledExceptionHandler" name="test_unhandled_exception_has_detail_and_trace_id" time="1.803" /><testcase classname="tests.unit.test_repository.TestReadAllEmptyTable" name="test_read_all_empty_table" time="0.032" /><testcase classname="tests.unit.test_repository.TestWriteAndReadRoundTrip" name="test_write_and_read_round_trip" time="0.034" /><testcase classname="tests.unit.test_repository.TestUpsertInsertsNewRecord" name="test_upsert_inserts_new_record" time="0.037" /><testcase classname="tests.unit.test_repository.TestUpsertReplacesExisting" name="test_upsert_replaces_existing" time="0.031" /><testcase classname="tests.unit.test_repository.TestDeleteRemovesRecord" name="test_delete_removes_record" time="0.039" /><testcase classname="tests.unit.test_repository.TestDeleteReturnsFalseWhenNotFound" name="test_delete_returns_false_when_not_found" time="0.026" /><testcase classname="tests.unit.test_repository.TestFindByIdReturnsCorrect" name="test_find_by_id_returns_correct" time="0.030" /><testcase classname="tests.unit.test_repository.TestFindByIdReturnsNoneWhenMissing" name="test_find_by_id_returns_none_when_missing" time="0.019" /><testcase classname="tests.unit.test_repository.TestWriteAllThenReadAll" name="test_write_all_then_read_all" time="0.019" /><testcase classname="tests.unit.test_repository.TestWriteAllEmptyList" name="test_write_all_empty_list" time="0.022" /><testcase classname="tests.unit.test_repository.TestUpsertManyRecords" name="test_upsert_many_records" time="0.034" /><testcase classname="tests.unit.test_services" name="test_record_returns_manoeuvre_with_id" time="0.030" /><testcase classname="tests.unit.test_services" name="test_list_all_empty_initially" time="0.027" /><testcase classname="tests.unit.test_services" name="test_list_all_after_record" time="0.036" /><testcase classname="tests.unit.test_services" name="test_list_recent_respects_limit" time="0.043" /><testcase classname="tests.unit.test_services" name="test_list_recent_is_sorted_desc" time="0.033" /><testcase classname="tests.unit.test_services" name="test_list_by_date_filters_correctly" time="0.037" /><testcase classname="tests.unit.test_services" name="test_record_returns_portfolio_state" time="0.040" /><testcase classname="tests.unit.test_services" name="test_get_latest_returns_most_recent" time="0.040" /><testcase classname="tests.unit.test_services" name="test_get_by_date_returns_matching" time="0.040" /><testcase classname="tests.unit.test_services" name="test_get_by_date_returns_none_when_missing" time="0.025" /><testcase classname="tests.unit.test_workflow_integration" name="test_start_training_returns_pending" time="0.041" /><testcase classname="tests.unit.test_workflow_integration" name="test_start_training_persists_run" time="0.035" /><testcase classname="tests.unit.test_workflow_integration" name="test_list_runs_empty_initially" time="0.028" /><testcase classname="tests.unit.test_workflow_integration" name="test_list_runs_after_start" time="0.041" /><testcase classname="tests.unit.test_workflow_integration" name="test_list_metrics_empty_before_completion" time="0.039" /><testcase classname="tests.unit.test_workflow_integration" name="test_background_thread_completes" time="0.143" /></testsuite></testsuites>