<?xml version="1.0" encoding="utf-8"?><testsuites name="pytest tests"><testsuite name="pytest" errors="0" failures="0" skipped="0" tests="507" time="36.973" timestamp="2026-05-26T18:28:16.660176+02:00" hostname="Sandeeps-MacBook-Pro.local"><testcase classname="tests.unit.test_agent_metrics.TestTokenForecastSchema" name="test_all_required_fields_present" time="0.003" /><testcase classname="tests.unit.test_agent_metrics.TestTokenForecastSchema" name="test_schema_fields_match_js_reads" time="0.001" /><testcase classname="tests.unit.test_agent_metrics.TestTokenForecastSchema" name="test_no_extra_schema_fields_missing_in_js" time="0.001" /><testcase classname="tests.unit.test_agent_metrics.TestTokenForecastSchema" name="test_instantiation_with_valid_data" time="0.001" /><testcase classname="tests.unit.test_agent_metrics.TestTokenForecastSchema" name="test_per_role_dict_values_are_int" time="0.001" /><testcase classname="tests.unit.test_agent_metrics.TestTokenForecastEndpoint" name="test_happy_path_returns_200_with_all_fields" time="3.080" /><testcase classname="tests.unit.test_agent_metrics.TestTokenForecastEndpoint" name="test_happy_path_direct_patch" time="0.370" /><testcase classname="tests.unit.test_agent_metrics.TestTokenForecastEndpoint" name="test_missing_metrics_json_returns_503" time="0.224" /><testcase classname="tests.unit.test_agent_metrics.TestTokenForecastEndpoint" name="test_requires_authentication" time="0.330" /><testcase classname="tests.unit.test_agent_metrics.TestTokenForecastEndpoint" name="test_missing_required_param_returns_422" time="0.211" /><testcase classname="tests.unit.test_agent_metrics.TestTokenForecastEndpoint" name="test_endpoint_does_not_call_db" time="0.195" /><testcase classname="tests.unit.test_agent_metrics.TestComplexityScoring" name="test_all_small_signals_yield_small" time="0.001" /><testcase classname="tests.unit.test_agent_metrics.TestComplexityScoring" name="test_all_large_signals_yield_large" time="0.001" /><testcase classname="tests.unit.test_agent_metrics.TestComplexityScoring" name="test_medium_signals_yield_medium" time="0.001" /><testcase classname="tests.unit.test_agent_metrics.TestComplexityScoring" name="test_unknown_signal_value_defaults_to_1_0" time="0.001" /><testcase classname="tests.unit.test_agent_metrics.TestComplexityScoring" name="test_boundary_at_0_85" time="0.001" /><testcase classname="tests.unit.test_agent_metrics.TestComplexityScoring" name="test_boundary_above_0_85" time="0.001" /><testcase classname="tests.unit.test_agent_metrics.TestConfidenceLogic" name="test_basis_runs_zero_yields_40pct" time="0.001" /><testcase classname="tests.unit.test_agent_metrics.TestConfidenceLogic" name="test_basis_runs_4_yields_40pct" time="0.001" /><testcase classname="tests.unit.test_agent_metrics.TestConfidenceLogic" name="test_basis_runs_5_yields_25pct" time="0.001" /><testcase classname="tests.unit.test_agent_metrics.TestConfidenceLogic" name="test_basis_runs_10_yields_25pct" time="0.001" /><testcase classname="tests.unit.test_agent_metrics.TestPerRoleComputation" name="test_per_role_uses_hardcoded_fallback_avgs" time="0.001" /><testcase classname="tests.unit.test_agent_metrics.TestPerRoleComputation" name="test_feature_type_ops_applies_06_modifier" time="0.001" /><testcase classname="tests.unit.test_agent_metrics.TestPerRoleComputation" name="test_feature_type_unknown_applies_10_modifier" time="0.001" /><testcase classname="tests.unit.test_agent_metrics.TestPerRoleComputation" name="test_total_forecast_equals_sum_of_per_role" time="0.001" /><testcase classname="tests.unit.test_agent_metrics.TestPerRoleComputation" name="test_per_role_overridden_by_metrics_json" time="0.001" /><testcase classname="tests.unit.test_agent_metrics.TestPerRoleComputation" name="test_complexity_score_scales_all_roles" time="0.001" /><testcase classname="tests.unit.test_agent_metrics.TestAPIFrontendContract" name="test_all_js_fields_present_in_schema" time="0.001" /><testcase classname="tests.unit.test_agent_metrics.TestAPIFrontendContract" name="test_schema_has_no_unexpected_extra_fields" time="0.001" /><testcase classname="tests.unit.test_agent_metrics.TestAPIFrontendContract" name="test_contract_table" time="0.001" /><testcase classname="tests.unit.test_api_experience.TestDashboardRouter" name="test_get_dashboard_returns_200" time="0.025" /><testcase classname="tests.unit.test_api_experience.TestDashboardRouter" name="test_get_dashboard_has_positions_key" time="0.018" /><testcase classname="tests.unit.test_api_experience.TestDashboardRouter" name="test_get_dashboard_has_latest_training_run_key" time="0.017" /><testcase classname="tests.unit.test_api_experience.TestDashboardRouter" name="test_get_dashboard_has_recent_alerts_key" time="0.016" /><testcase classname="tests.unit.test_api_experience.TestDashboardRouter" name="test_get_dashboard_empty_dataset_returns_valid_payload" time="0.018" /><testcase classname="tests.unit.test_api_experience.TestFnoRouter" name="test_get_fno_returns_200" time="0.024" /><testcase classname="tests.unit.test_api_experience.TestFnoRouter" name="test_get_fno_has_snapshots_key" time="0.019" /><testcase classname="tests.unit.test_api_experience.TestFnoRouter" name="test_get_fno_has_portfolio_key" time="0.017" /><testcase classname="tests.unit.test_api_experience.TestFnoRouter" name="test_get_fno_has_recent_manoeuvres_key" time="0.017" /><testcase classname="tests.unit.test_api_experience.TestFnoRouter" name="test_get_fno_empty_dataset_returns_valid_payload" time="0.016" /><testcase classname="tests.unit.test_api_experience.TestOpsRouter" name="test_get_ops_returns_200" time="0.030" /><testcase classname="tests.unit.test_api_experience.TestOpsRouter" name="test_get_ops_has_training_runs_key" time="0.019" /><testcase classname="tests.unit.test_api_experience.TestOpsRouter" name="test_get_ops_has_backtest_runs_key" time="0.018" /><testcase classname="tests.unit.test_api_experience.TestOpsRouter" name="test_get_ops_has_recent_audit_key" time="0.017" /><testcase classname="tests.unit.test_api_experience.TestOpsRouter" name="test_get_ops_empty_dataset_returns_valid_payload" time="0.016" /><testcase classname="tests.unit.test_api_experience.TestDSExperienceRouter" name="test_get_ds_returns_200" time="0.238" /><testcase classname="tests.unit.test_api_experience.TestDSExperienceRouter" name="test_get_ds_has_instruments_key" time="0.200" /><testcase classname="tests.unit.test_api_experience.TestDSExperienceRouter" name="test_instruments_filtered_by_is_available" time="0.200" /><testcase classname="tests.unit.test_api_layer_rationalization.TestExperienceBacktestDaily" name="test_happy_path_returns_list_with_correct_fields" time="0.053" /><testcase classname="tests.unit.test_api_layer_rationalization.TestExperienceBacktestDaily" name="test_no_completed_runs_returns_empty_list" time="0.043" /><testcase classname="tests.unit.test_api_layer_rationalization.TestExperienceBacktestDaily" name="test_only_non_complete_runs_returns_empty_list" time="0.049" /><testcase classname="tests.unit.test_api_layer_rationalization.TestExperienceBacktestDaily" name="test_response_field_values_match_repo_data" time="0.045" /><testcase classname="tests.unit.test_api_layer_rationalization.TestExperienceRiskTimeline" name="test_happy_path_returns_list_with_all_required_fields" time="0.055" /><testcase classname="tests.unit.test_api_layer_rationalization.TestExperienceRiskTimeline" name="test_no_runs_returns_empty_list" time="0.045" /><testcase classname="tests.unit.test_api_layer_rationalization.TestExperienceRiskTimeline" name="test_instrument_casing_normalised_to_upper" time="0.050" /><testcase classname="tests.unit.test_api_layer_rationalization.TestExperienceRiskTimeline" name="test_phase_param_accepted_but_not_used_for_filtering" time="0.065" /><testcase classname="tests.unit.test_api_layer_rationalization.TestExperienceRiskTimeline" name="test_single_data_point_rolling_vol_is_none" time="0.046" /><testcase classname="tests.unit.test_api_layer_rationalization.TestExperienceTrainingHistory" name="test_happy_path_returns_list_with_required_fields" time="0.047" /><testcase classname="tests.unit.test_api_layer_rationalization.TestExperienceTrainingHistory" name="test_no_runs_returns_empty_list" time="0.045" /><testcase classname="tests.unit.test_api_layer_rationalization.TestExperienceTrainingHistory" name="test_backtest_mdd_none_guard_preserved" time="0.044" /><testcase classname="tests.unit.test_api_layer_rationalization.TestExperienceTrainingHistory" name="test_instrument_filter_excludes_other_instruments" time="0.046" /><testcase classname="tests.unit.test_api_layer_rationalization.TestExperienceTrainingHistory" name="test_results_are_newest_first" time="0.044" /><testcase classname="tests.unit.test_api_layer_rationalization.TestAdjustPositionAction" name="test_happy_path_returns_status_ok_with_manoeuvre_id" time="0.052" /><testcase classname="tests.unit.test_api_layer_rationalization.TestAdjustPositionAction" name="test_empty_date_field_defaults_to_today" time="0.044" /><testcase classname="tests.unit.test_api_layer_rationalization.TestAdjustPositionAction" name="test_timestamp_not_required_in_payload" time="0.045" /><testcase classname="tests.unit.test_api_layer_rationalization.TestAdjustPositionAction" name="test_service_raises_returns_error_shape" time="0.045" /><testcase classname="tests.unit.test_api_layer_rationalization.TestAdjustPositionAction" name="test_minimal_payload_accepted" time="0.044" /><testcase classname="tests.unit.test_api_layer_rationalization.TestAPIFrontendContract" name="test_backtest_daily_has_fields_consumed_by_performance_scenarios_diagnostics_js" time="0.046" /><testcase classname="tests.unit.test_api_layer_rationalization.TestAPIFrontendContract" name="test_risk_timeline_has_fields_consumed_by_risk_trades_js" time="0.053" /><testcase classname="tests.unit.test_api_layer_rationalization.TestAPIFrontendContract" name="test_training_history_has_fields_consumed_by_training_audit_js" time="0.045" /><testcase classname="tests.unit.test_api_layer_rationalization.TestAPIFrontendContract" name="test_adjust_position_action_returns_status_and_manoeuvre_id" time="0.047" /><testcase classname="tests.unit.test_api_metrics.TestApiCallLogRepositoryAggregation" name="test_happy_path_multiple_rows_correct_aggregates" time="0.037" /><testcase classname="tests.unit.test_api_metrics.TestApiCallLogRepositoryAggregation" name="test_happy_path_two_distinct_endpoints" time="0.036" /><testcase classname="tests.unit.test_api_metrics.TestApiCallLogRepositoryAggregation" name="test_result_sorted_by_call_count_descending" time="0.161" /><testcase classname="tests.unit.test_api_metrics.TestApiCallLogRepositoryAggregation" name="test_error_count_and_error_rate_pct" time="0.035" /><testcase classname="tests.unit.test_api_metrics.TestApiCallLogRepositoryAggregation" name="test_last_called_at_is_isoformat_string" time="0.033" /><testcase classname="tests.unit.test_api_metrics.TestApiCallLogRepositoryAggregation" name="test_empty_table_returns_empty_list" time="0.030" /><testcase classname="tests.unit.test_api_metrics.TestApiCallLogRepositoryAggregation" name="test_all_errors_gives_100_pct_error_rate" time="0.033" /><testcase classname="tests.unit.test_api_metrics.TestApiCallLogRepositoryAggregation" name="test_single_row_p50_p95_equal_duration" time="0.031" /><testcase classname="tests.unit.test_api_metrics.TestApiCallLogRepositoryAggregation" name="test_null_duration_ms_yields_none_percentiles" time="0.035" /><testcase classname="tests.unit.test_api_metrics.TestApiCallLogRepositoryAggregation" name="test_mixed_null_and_non_null_duration" time="0.035" /><testcase classname="tests.unit.test_api_metrics.TestApiCallLogRepositoryAggregation" name="test_method_filter_returns_only_matching_method" time="0.037" /><testcase classname="tests.unit.test_api_metrics.TestApiCallLogRepositoryAggregation" name="test_method_filter_is_case_insensitive" time="0.031" /><testcase classname="tests.unit.test_api_metrics.TestApiCallLogRepositoryAggregation" name="test_path_prefix_filter_limits_results" time="0.034" /><testcase classname="tests.unit.test_api_metrics.TestApiMetricsSchema" name="test_api_metrics_row_all_8_fields_present" time="0.001" /><testcase classname="tests.unit.test_api_metrics.TestApiMetricsSchema" name="test_api_metrics_row_optional_fields" time="0.001" /><testcase classname="tests.unit.test_api_metrics.TestApiMetricsSchema" name="test_api_metrics_row_instantiation_with_full_data" time="0.001" /><testcase classname="tests.unit.test_api_metrics.TestApiMetricsSchema" name="test_api_metrics_response_wraps_items_list" time="0.001" /><testcase classname="tests.unit.test_api_metrics.TestApiMetricsSchema" name="test_api_metrics_response_with_items" time="0.001" /><testcase classname="tests.unit.test_api_metrics.TestApiMetricsEndpoint" name="test_empty_table_returns_200_with_empty_items" time="0.223" /><testcase classname="tests.unit.test_api_metrics.TestApiMetricsEndpoint" name="test_happy_path_response_shape_matches_schema" time="0.224" /><testcase classname="tests.unit.test_api_metrics.TestApiMetricsEndpoint" name="test_response_values_are_correct_types" time="0.354" /><testcase classname="tests.unit.test_api_metrics.TestApiMetricsEndpoint" name="test_method_query_param_filters" time="0.226" /><testcase classname="tests.unit.test_api_metrics.TestApiMetricsEndpoint" name="test_path_prefix_query_param_filters" time="0.356" /><testcase classname="tests.unit.test_api_metrics.TestApiMetricsEndpoint" name="test_null_duration_serialised_as_null" time="0.228" /><testcase classname="tests.unit.test_api_metrics.TestApiMetricsEndpoint" name="test_endpoint_is_read_only" time="0.204" /><testcase classname="tests.unit.test_api_metrics.TestApiMetricsEndpoint" name="test_limit_param_caps_rows_fetched" time="0.355" /><testcase classname="tests.unit.test_api_metrics.TestApiMetricsContractCheck" name="test_all_js_row_fields_present_in_schema" time="0.001" /><testcase classname="tests.unit.test_api_metrics.TestApiMetricsContractCheck" name="test_all_js_data_fields_present_in_response_schema" time="0.001" /><testcase classname="tests.unit.test_api_metrics.TestApiMetricsContractCheck" name="test_last_called_at_in_schema_but_not_rendered_in_js" time="0.001" /><testcase classname="tests.unit.test_api_metrics.TestApiMetricsContractCheck" name="test_contract_table_all_matches" time="0.001" /><testcase classname="tests.unit.test_api_metrics.TestFCImpImportCheck" name="test_setEl_export_present_in_ops_utils_js" time="0.002" /><testcase classname="tests.unit.test_api_metrics.TestFCImpImportCheck" name="test_api_export_present_in_ops_api_js" time="0.002" /><testcase classname="tests.unit.test_api_system.TestPositionsRouter" name="test_list_positions_returns_200" time="0.017" /><testcase classname="tests.unit.test_api_system.TestPositionsRouter" name="test_list_positions_returns_list_type" time="0.014" /><testcase classname="tests.unit.test_api_system.TestPositionsRouter" name="test_get_position_by_id_returns_200_for_existing" time="0.018" /><testcase classname="tests.unit.test_api_system.TestPositionsRouter" name="test_get_position_by_id_returns_404_for_missing" time="0.017" /><testcase classname="tests.unit.test_api_system.TestPositionsRouter" name="test_get_position_404_has_detail_and_trace_id" time="0.015" /><testcase classname="tests.unit.test_api_system.TestPositionsRouter" name="test_put_position_upsert_returns_200" time="0.019" /><testcase classname="tests.unit.test_api_system.TestPositionsRouter" name="test_delete_position_returns_404_when_missing" time="0.017" /><testcase classname="tests.unit.test_api_system.TestOrdersRouter" name="test_list_orders_returns_200" time="0.018" /><testcase classname="tests.unit.test_api_system.TestOrdersRouter" name="test_get_order_by_id_returns_200_for_existing" time="0.017" /><testcase classname="tests.unit.test_api_system.TestOrdersRouter" name="test_get_order_by_id_returns_404_for_missing" time="0.015" /><testcase classname="tests.unit.test_api_system.TestOrdersRouter" name="test_delete_order_returns_204_when_found" time="0.016" /><testcase classname="tests.unit.test_api_system.TestSnapshotsRouter" name="test_list_snapshots_returns_200" time="0.018" /><testcase classname="tests.unit.test_api_system.TestSnapshotsRouter" name="test_get_snapshot_returns_404_for_missing" time="0.025" /><testcase classname="tests.unit.test_api_system.TestSnapshotsRouter" name="test_get_snapshot_returns_200_for_existing" time="0.019" /><testcase classname="tests.unit.test_api_system.TestTradesRouter" name="test_list_trades_returns_200" time="0.025" /><testcase classname="tests.unit.test_api_system.TestTradesRouter" name="test_get_trade_returns_404_for_missing" time="0.018" /><testcase classname="tests.unit.test_api_system.TestTradesRouter" name="test_get_trade_returns_200_for_existing" time="0.020" /><testcase classname="tests.unit.test_api_system.TestAlertsRouter" name="test_list_alerts_returns_200" time="0.017" /><testcase classname="tests.unit.test_api_system.TestAlertsRouter" name="test_get_alert_returns_404_for_missing" time="0.016" /><testcase classname="tests.unit.test_api_system.TestAlertsRouter" name="test_get_alert_returns_200_for_existing" time="0.016" /><testcase classname="tests.unit.test_api_system.TestAuditRouter" name="test_list_audit_returns_200" time="0.017" /><testcase classname="tests.unit.test_api_system.TestAuditRouter" name="test_get_audit_returns_404_for_missing" time="0.016" /><testcase classname="tests.unit.test_api_system.TestAuditRouter" name="test_get_audit_returns_200_for_existing" time="0.014" /><testcase classname="tests.unit.test_api_system.TestMarketDataRouter" name="test_list_market_data_returns_200" time="0.016" /><testcase classname="tests.unit.test_api_system.TestMarketDataRouter" name="test_get_market_data_returns_404_for_missing" time="0.016" /><testcase classname="tests.unit.test_api_system.TestMarketDataRouter" name="test_get_market_data_returns_200_for_existing" time="0.015" /><testcase classname="tests.unit.test_api_system.TestConfigOverridesRouter" name="test_list_config_overrides_returns_200" time="0.018" /><testcase classname="tests.unit.test_api_system.TestConfigOverridesRouter" name="test_get_config_override_returns_404_for_missing" time="0.017" /><testcase classname="tests.unit.test_api_system.TestConfigOverridesRouter" name="test_get_config_override_returns_200_for_existing" time="0.016" /><testcase classname="tests.unit.test_api_system.TestConfigOverridesRouter" name="test_put_config_override_upsert_returns_200" time="0.018" /><testcase classname="tests.unit.test_api_workflow.TestTrainRouter" name="test_post_train_returns_202_with_pending_status" time="0.019" /><testcase classname="tests.unit.test_api_workflow.TestTrainRouter" name="test_post_train_response_has_pending_status" time="0.017" /><testcase classname="tests.unit.test_api_workflow.TestTrainRouter" name="test_post_train_invalid_payload_returns_422" time="0.014" /><testcase classname="tests.unit.test_api_workflow.TestTrainRouter" name="test_list_train_runs_returns_200" time="0.016" /><testcase classname="tests.unit.test_api_workflow.TestTrainRouter" name="test_get_train_run_by_id_returns_200_for_existing" time="0.017" /><testcase classname="tests.unit.test_api_workflow.TestTrainRouter" name="test_get_train_run_by_id_returns_404_for_missing" time="0.015" /><testcase classname="tests.unit.test_api_workflow.TestTrainRouter" name="test_get_train_metrics_returns_404_for_missing_run" time="0.020" /><testcase classname="tests.unit.test_api_workflow.TestBacktestRouter" name="test_post_backtest_returns_202" time="0.019" /><testcase classname="tests.unit.test_api_workflow.TestBacktestRouter" name="test_post_backtest_response_has_pending_status" time="0.018" /><testcase classname="tests.unit.test_api_workflow.TestBacktestRouter" name="test_post_backtest_invalid_payload_returns_422" time="0.016" /><testcase classname="tests.unit.test_api_workflow.TestBacktestRouter" name="test_list_backtest_runs_returns_200" time="0.017" /><testcase classname="tests.unit.test_api_workflow.TestBacktestRouter" name="test_get_backtest_run_returns_404_for_missing" time="0.020" /><testcase classname="tests.unit.test_api_workflow.TestEvaluateRouter" name="test_post_evaluate_returns_202" time="0.018" /><testcase classname="tests.unit.test_api_workflow.TestEvaluateRouter" name="test_post_evaluate_response_has_pending_status" time="0.018" /><testcase classname="tests.unit.test_api_workflow.TestEvaluateRouter" name="test_post_evaluate_invalid_payload_returns_422" time="0.016" /><testcase classname="tests.unit.test_api_workflow.TestEvaluateRouter" name="test_list_evaluations_returns_200" time="0.015" /><testcase classname="tests.unit.test_api_workflow.TestEvaluateRouter" name="test_get_evaluation_run_returns_404_for_missing" time="0.015" /><testcase classname="tests.unit.test_api_workflow.TestEvaluateRouter" name="test_evaluate_triggered_by_is_evaluate" time="0.017" /><testcase classname="tests.unit.test_auth" name="test_create_and_decode_token" time="0.013" /><testcase classname="tests.unit.test_auth" name="test_expired_token" time="0.002" /><testcase classname="tests.unit.test_auth" name="test_invalid_token" time="0.001" /><testcase classname="tests.unit.test_commentary.TestUnknownAppPage" name="test_unknown_app_returns_400" time="0.019" /><testcase classname="tests.unit.test_commentary.TestUnknownAppPage" name="test_unknown_page_returns_400" time="0.016" /><testcase classname="tests.unit.test_commentary.TestUnknownAppPage" name="test_unknown_combo_detail_mentions_app_and_page" time="0.017" /><testcase classname="tests.unit.test_commentary.TestStrategyWithoutInstrument" name="test_strategy_no_instrument_returns_400" time="0.017" /><testcase classname="tests.unit.test_commentary.TestStrategyWithoutInstrument" name="test_strategy_null_instrument_returns_400" time="0.017" /><testcase classname="tests.unit.test_commentary.TestStrategyWithoutInstrument" name="test_strategy_no_instrument_error_message" time="0.019" /><testcase classname="tests.unit.test_commentary.TestOverviewResponseShape" name="test_overview_returns_200" time="0.754" /><testcase classname="tests.unit.test_commentary.TestOverviewResponseShape" name="test_overview_response_has_commentary_field" time="0.149" /><testcase classname="tests.unit.test_commentary.TestOverviewResponseShape" name="test_overview_response_has_instruments_analyzed_field" time="0.157" /><testcase classname="tests.unit.test_commentary.TestOverviewResponseShape" name="test_overview_response_has_latency_ms_field" time="0.153" /><testcase classname="tests.unit.test_commentary.TestOverviewResponseShape" name="test_overview_response_has_app_field" time="0.147" /><testcase classname="tests.unit.test_commentary.TestOverviewResponseShape" name="test_overview_response_has_page_field" time="0.151" /><testcase classname="tests.unit.test_commentary.TestOverviewResponseShape" name="test_overview_instruments_analyzed_is_list_of_strings" time="0.145" /><testcase classname="tests.unit.test_commentary.TestStrategyResponseShape" name="test_strategy_returns_200" time="0.025" /><testcase classname="tests.unit.test_commentary.TestStrategyResponseShape" name="test_strategy_response_all_five_fields_present" time="0.024" /><testcase classname="tests.unit.test_commentary.TestCommentaryAlwaysString" name="test_commentary_is_string_on_success" time="0.153" /><testcase classname="tests.unit.test_commentary.TestCommentaryAlwaysString" name="test_commentary_is_string_even_when_handler_raises" time="0.155" /><testcase classname="tests.unit.test_commentary.TestCommentaryAlwaysString" name="test_no_http_500_on_handler_error" time="0.147" /><testcase classname="tests.unit.test_commentary.TestMonitorIncludesCommentaryKPIs" name="test_monitor_returns_200" time="0.055" /><testcase classname="tests.unit.test_commentary.TestMonitorIncludesCommentaryKPIs" name="test_monitor_summary_has_commentary_count" time="0.047" /><testcase classname="tests.unit.test_commentary.TestMonitorIncludesCommentaryKPIs" name="test_monitor_summary_has_commentary_avg_latency_ms" time="0.048" /><testcase classname="tests.unit.test_commentary.TestMonitorIncludesCommentaryKPIs" name="test_monitor_summary_has_commentary_error_count" time="0.051" /><testcase classname="tests.unit.test_commentary.TestMonitorIncludesCommentaryKPIs" name="test_monitor_commentary_kpis_are_numeric_on_empty_db" time="0.050" /><testcase classname="tests.unit.test_commentary.TestCommentaryLogRepositoryGetSummary" name="test_get_summary_returns_dict_with_all_keys" time="0.030" /><testcase classname="tests.unit.test_commentary.TestCommentaryLogRepositoryGetSummary" name="test_get_summary_empty_db_returns_zeros" time="0.031" /><testcase classname="tests.unit.test_commentary.TestCommentaryLogRepositoryGetSummary" name="test_get_summary_counts_log_entries" time="0.041" /><testcase classname="tests.unit.test_commentary.TestCommentaryLogRepositoryGetSummary" name="test_get_summary_avg_latency_is_correct" time="0.035" /><testcase classname="tests.unit.test_commentary.TestCommentaryLogRepositoryGetSummary" name="test_get_summary_values_are_correct_types" time="0.030" /><testcase classname="tests.unit.test_commentary.TestAPIFrontendContract" name="test_contract_commentary_field_name" time="0.145" /><testcase classname="tests.unit.test_commentary.TestAPIFrontendContract" name="test_contract_instruments_analyzed_field_name" time="0.145" /><testcase classname="tests.unit.test_commentary.TestAPIFrontendContract" name="test_contract_latency_ms_field_name" time="0.149" /><testcase classname="tests.unit.test_commentary.TestAPIFrontendContract" name="test_contract_app_field_name" time="0.148" /><testcase classname="tests.unit.test_commentary.TestAPIFrontendContract" name="test_contract_page_field_name" time="0.150" /><testcase classname="tests.unit.test_commentary.TestAPIFrontendContract" name="test_contract_strategy_commentary_field_for_export_js" time="0.029" /><testcase classname="tests.unit.test_config.TestDefaultsLoaded" name="test_defaults_loaded" time="0.023" /><testcase classname="tests.unit.test_config.TestEnvOverrideMerges" name="test_env_override_merges" time="0.017" /><testcase classname="tests.unit.test_config.TestJwtSecretFromEnvVar" name="test_jwt_secret_from_env_var" time="0.016" /><testcase classname="tests.unit.test_config.TestJwtSecretNotInYaml" name="test_jwt_secret_not_in_yaml" time="0.016" /><testcase classname="tests.unit.test_config.TestStagingRequiresSecret" name="test_staging_requires_secret" time="0.015" /><testcase classname="tests.unit.test_config.TestStagingRequiresSecret" name="test_staging_requires_secret_min_length" time="0.015" /><testcase classname="tests.unit.test_config.TestUnknownEnvFallsBackGracefully" name="test_unknown_env_falls_back_gracefully" time="0.016" /><testcase classname="tests.unit.test_config.TestDeepMergeDoesNotClobberSiblings" name="test_deep_merge_does_not_clobber_siblings" time="0.015" /><testcase classname="tests.unit.test_data_refresh.TestCheckGapReturnsGapDays" name="test_check_gap_returns_gap_days" time="0.006" /><testcase classname="tests.unit.test_data_refresh.TestCheckGapNoDataReturnsLargeGap" name="test_check_gap_no_data_returns_large_gap" time="0.004" /><testcase classname="tests.unit.test_data_refresh.TestRefreshAllCurrentInstrumentSkipped" name="test_current_instrument_skipped" time="0.004" /><testcase classname="tests.unit.test_data_refresh.TestRefreshAllYfinanceErrorContinues" name="test_yfinance_error_continues_and_marks_error" time="0.006" /><testcase classname="tests.unit.test_data_refresh.TestUpsertCacheDeltaNoDuplicates" name="test_no_duplicate_inserts" time="0.016" /><testcase classname="tests.unit.test_data_refresh.TestRefreshAllEndpointHappyPath" name="test_returns_200_with_correct_schema" time="0.018" /><testcase classname="tests.unit.test_data_refresh.TestRefreshAllEndpointHappyPath" name="test_result_items_contain_all_schema_fields" time="0.015" /><testcase classname="tests.unit.test_data_refresh.TestRefreshAllEndpointErrorHandling" name="test_per_instrument_error_does_not_abort" time="0.016" /><testcase classname="tests.unit.test_feature10_phase2" name="test_rita_api_js_re_export_contract" time="0.004" /><testcase classname="tests.unit.test_feature10_phase2" name="test_rita_utils_js_re_export_contract" time="0.002" /><testcase classname="tests.unit.test_feature10_phase2" name="test_shared_api_js_named_exports" time="0.002" /><testcase classname="tests.unit.test_feature10_phase2" name="test_shared_utils_js_named_exports" time="0.002" /><testcase classname="tests.unit.test_feature10_phase2" name="test_ops_api_js_re_export_contract" time="0.002" /><testcase classname="tests.unit.test_feature10_phase2" name="test_ops_utils_js_merge_contract" time="0.002" /><testcase classname="tests.unit.test_feature10_phase2" name="test_ops_utilities_js_deleted" time="0.001" /><testcase classname="tests.unit.test_feature10_phase2" name="test_ops_main_js_import_updated" time="0.003" /><testcase classname="tests.unit.test_feature10_phase2" name="test_rita_main_js_inline_apiFetch_removed" time="0.003" /><testcase classname="tests.unit.test_functional_kpis.TestFunctionalKPIsSchema" name="test_series_has_exactly_5_fields" time="0.001" /><testcase classname="tests.unit.test_functional_kpis.TestFunctionalKPIsSchema" name="test_response_has_exactly_3_fields" time="0.001" /><testcase classname="tests.unit.test_functional_kpis.TestFunctionalKPIsSchema" name="test_series_instantiation_with_lists" time="0.001" /><testcase classname="tests.unit.test_functional_kpis.TestFunctionalKPIsSchema" name="test_response_instantiation_full" time="0.001" /><testcase classname="tests.unit.test_functional_kpis.TestFunctionalKPIsSchema" name="test_empty_lists_are_valid" time="0.001" /><testcase classname="tests.unit.test_functional_kpis.TestFunctionalKPIsEndpoint" name="test_happy_path_returns_200_with_correct_structure" time="0.241" /><testcase classname="tests.unit.test_functional_kpis.TestFunctionalKPIsEndpoint" name="test_happy_path_default_24_buckets" time="0.369" /><testcase classname="tests.unit.test_functional_kpis.TestFunctionalKPIsEndpoint" name="test_happy_path_series_has_5_keys" time="0.234" /><testcase classname="tests.unit.test_functional_kpis.TestFunctionalKPIsEndpoint" name="test_happy_path_series_lengths_match_buckets" time="0.234" /><testcase classname="tests.unit.test_functional_kpis.TestFunctionalKPIsEndpoint" name="test_bucket_labels_are_iso_hour_format" time="0.473" /><testcase classname="tests.unit.test_functional_kpis.TestFunctionalKPIsEndpoint" name="test_edge_empty_db_returns_all_zeros_no_500" time="0.228" /><testcase classname="tests.unit.test_functional_kpis.TestFunctionalKPIsEndpoint" name="test_edge_hours_1_returns_single_bucket" time="0.382" /><testcase classname="tests.unit.test_functional_kpis.TestFunctionalKPIsEndpoint" name="test_edge_hours_168_returns_168_buckets" time="0.231" /><testcase classname="tests.unit.test_functional_kpis.TestFunctionalKPIsEndpoint" name="test_edge_hours_0_is_rejected" time="0.221" /><testcase classname="tests.unit.test_functional_kpis.TestFunctionalKPIsEndpoint" name="test_edge_hours_above_168_is_rejected" time="0.374" /><testcase classname="tests.unit.test_functional_kpis.TestFunctionalKPIsEndpoint" name="test_training_success_rate_computed_correctly" time="0.236" /><testcase classname="tests.unit.test_functional_kpis.TestFunctionalKPIsEndpoint" name="test_api_error_rate_in_bucket" time="0.255" /><testcase classname="tests.unit.test_functional_kpis.TestFunctionalKPIsEndpoint" name="test_experience_error_pct_computed_separately" time="0.636" /><testcase classname="tests.unit.test_functional_kpis.TestFunctionalKPIsEndpoint" name="test_chat_low_confidence_rate_from_csv" time="0.308" /><testcase classname="tests.unit.test_functional_kpis.TestFunctionalKPIsEndpoint" name="test_edge_no_csv_chat_low_confidence_is_zero" time="0.382" /><testcase classname="tests.unit.test_functional_kpis.TestFunctionalKPIsEndpoint" name="test_p95_latency_computed_from_api_rows" time="0.423" /><testcase classname="tests.unit.test_functional_kpis.TestFunctionalKPIsEndpoint" name="test_endpoint_is_read_only" time="0.257" /><testcase classname="tests.unit.test_functional_kpis.TestFunctionalKPIsEndpoint" name="test_edge_operational_error_returns_zero_response_not_500" time="0.557" /><testcase classname="tests.unit.test_functional_kpis.TestFunctionalKPIsContractCheck" name="test_all_js_series_keys_present_in_schema" time="0.001" /><testcase classname="tests.unit.test_functional_kpis.TestFunctionalKPIsContractCheck" name="test_no_extra_js_reads_beyond_schema" time="0.003" /><testcase classname="tests.unit.test_functional_kpis.TestFunctionalKPIsContractCheck" name="test_all_js_data_fields_present_in_response_schema" time="0.001" /><testcase classname="tests.unit.test_functional_kpis.TestFunctionalKPIsContractCheck" name="test_generated_at_in_schema_not_read_by_js" time="0.002" /><testcase classname="tests.unit.test_functional_kpis.TestFunctionalKPIsContractCheck" name="test_contract_table_all_matches" time="0.001" /><testcase classname="tests.unit.test_functional_kpis.TestFunctionalKPIsContractCheck" name="test_api_export_present_in_ops_api_js" time="0.001" /><testcase classname="tests.unit.test_geography_overview.TestGeographyOverviewEndpoint" name="test_returns_200" time="0.057" /><testcase classname="tests.unit.test_geography_overview.TestGeographyOverviewEndpoint" name="test_returns_three_regions" time="0.059" /><testcase classname="tests.unit.test_geography_overview.TestGeographyOverviewEndpoint" name="test_region_names_are_us_eu_india" time="0.039" /><testcase classname="tests.unit.test_geography_overview.TestGeographyOverviewEndpoint" name="test_instruments_per_region" time="0.034" /><testcase classname="tests.unit.test_geography_overview.TestGeographyOverviewEndpoint" name="test_instrument_fields_present" time="0.036" /><testcase classname="tests.unit.test_geography_overview.TestGeographyOverviewEndpoint" name="test_valid_signal_values" time="0.030" /><testcase classname="tests.unit.test_geography_overview.TestGeographyOverviewEndpoint" name="test_close_is_numeric_when_cache_has_data" time="0.031" /><testcase classname="tests.unit.test_geography_overview.TestGeographyOverviewEndpoint" name="test_daily_return_pct_is_numeric_when_two_rows_available" time="0.030" /><testcase classname="tests.unit.test_geography_overview.TestGeographyOverviewEdgeCases" name="test_instrument_not_in_cache_returns_neutral" time="0.029" /><testcase classname="tests.unit.test_geography_overview.TestGeographyOverviewEdgeCases" name="test_daily_return_null_handled" time="0.026" /><testcase classname="tests.unit.test_geography_overview.TestGeographyOverviewEdgeCases" name="test_all_regions_present_when_cache_empty" time="0.027" /><testcase classname="tests.unit.test_geography_overview.TestGeographyOverviewEdgeCases" name="test_positive_return_produces_bullish_signal" time="0.025" /><testcase classname="tests.unit.test_geography_overview.TestGeographyOverviewEdgeCases" name="test_negative_return_produces_bearish_signal" time="0.031" /><testcase classname="tests.unit.test_geography_overview.TestGeographyOverviewEdgeCases" name="test_small_return_within_threshold_produces_neutral" time="0.025" /><testcase classname="tests.unit.test_geography_overview.TestGeographyOverviewEdgeCases" name="test_no_crash_when_cache_raises_exception" time="0.027" /><testcase classname="tests.unit.test_geography_overview.TestGeographyContractCheck" name="test_schema_fields_match_js_contract" time="0.002" /><testcase classname="tests.unit.test_geography_overview.TestGeographyContractCheck" name="test_response_regions_is_list" time="0.031" /><testcase classname="tests.unit.test_geography_overview.TestGeographyContractCheck" name="test_region_has_flag_field" time="0.030" /><testcase classname="tests.unit.test_geography_overview.TestGeographyContractCheck" name="test_region_has_region_field" time="0.034" /><testcase classname="tests.unit.test_geography_overview.TestGeographyContractCheck" name="test_region_has_instruments_array" time="0.031" /><testcase classname="tests.unit.test_geography_overview.TestGeographyContractCheck" name="test_instrument_name_is_string" time="0.032" /><testcase classname="tests.unit.test_geography_overview.TestGeographyContractCheck" name="test_instrument_close_is_null_or_float" time="0.030" /><testcase classname="tests.unit.test_geography_overview.TestGeographyContractCheck" name="test_instrument_daily_return_pct_is_null_or_float" time="0.033" /><testcase classname="tests.unit.test_geography_overview.TestGeographyContractCheck" name="test_instrument_signal_is_valid_css_class_token" time="0.031" /><testcase classname="tests.unit.test_geography_overview.TestGeographyContractCheck" name="test_js_does_not_use_instrument_flag_noted_in_schema" time="0.031" /><testcase classname="tests.unit.test_greeks" name="test_call_price_atm" time="0.001" /><testcase classname="tests.unit.test_greeks" name="test_put_price_atm" time="0.001" /><testcase classname="tests.unit.test_greeks" name="test_delta_call" time="0.001" /><testcase classname="tests.unit.test_greeks" name="test_delta_put" time="0.002" /><testcase classname="tests.unit.test_greeks" name="test_gamma" time="0.002" /><testcase classname="tests.unit.test_greeks" name="test_theta_call_is_negative" time="0.001" /><testcase classname="tests.unit.test_greeks" name="test_vega_positive" time="0.001" /><testcase classname="tests.unit.test_greeks" name="test_put_call_parity" time="0.001" /><testcase classname="tests.unit.test_instrument_onboard.TestInstrumentSearchHappyPath" name="test_returns_list_of_results" time="0.027" /><testcase classname="tests.unit.test_instrument_onboard.TestInstrumentSearchHappyPath" name="test_response_contains_all_required_fields" time="0.019" /><testcase classname="tests.unit.test_instrument_onboard.TestInstrumentSearchHappyPath" name="test_field_values_are_strings" time="0.018" /><testcase classname="tests.unit.test_instrument_onboard.TestInstrumentSearchEmptyResults" name="test_empty_result_returns_200_with_empty_list" time="0.021" /><testcase classname="tests.unit.test_instrument_onboard.TestInstrumentSearchShortQuery" name="test_short_query_returns_400[]" time="0.022" /><testcase classname="tests.unit.test_instrument_onboard.TestInstrumentSearchShortQuery" name="test_short_query_returns_400[a]" time="0.019" /><testcase classname="tests.unit.test_instrument_onboard.TestInstrumentSearchShortQuery" name="test_short_query_returns_400[ ]" time="0.018" /><testcase classname="tests.unit.test_instrument_onboard.TestInstrumentSearchShortQuery" name="test_short_query_error_detail_is_descriptive" time="0.018" /><testcase classname="tests.unit.test_instrument_onboard.TestInstrumentOnboardHappyPath" name="test_returns_200_with_status_ok" time="0.023" /><testcase classname="tests.unit.test_instrument_onboard.TestInstrumentOnboardHappyPath" name="test_response_contains_all_contract_fields" time="0.026" /><testcase classname="tests.unit.test_instrument_onboard.TestInstrumentOnboardHappyPath" name="test_ticker_is_uppercased_in_response" time="0.029" /><testcase classname="tests.unit.test_instrument_onboard.TestInstrumentOnboardHappyPath" name="test_rows_fetched_and_seeded_match_service_output" time="0.022" /><testcase classname="tests.unit.test_instrument_onboard.TestInstrumentOnboardDuplicate" name="test_duplicate_ticker_returns_409" time="0.023" /><testcase classname="tests.unit.test_instrument_onboard.TestInstrumentOnboardDuplicate" name="test_duplicate_error_detail_mentions_ticker" time="0.020" /><testcase classname="tests.unit.test_instrument_onboard.TestInstrumentOnboardYfinanceFailure" name="test_yfinance_unreachable_returns_502" time="0.025" /><testcase classname="tests.unit.test_instrument_onboard.TestInstrumentOnboardYfinanceFailure" name="test_yfinance_unreachable_detail_is_descriptive" time="0.022" /><testcase classname="tests.unit.test_instrument_onboard.TestInstrumentOnboardBadTicker" name="test_bad_ticker_returns_400" time="0.028" /><testcase classname="tests.unit.test_instrument_onboard.TestInstrumentOnboardMissingFields" name="test_missing_ticker_returns_422" time="0.029" /><testcase classname="tests.unit.test_instrument_onboard.TestInstrumentOnboardMissingFields" name="test_missing_country_code_returns_422" time="0.018" /><testcase classname="tests.unit.test_instrument_onboard.TestSearchTickersFiltersNonEquity" name="test_search_tickers_filters_non_equity" time="0.010" /><testcase classname="tests.unit.test_instrument_onboard.TestSearchEndpoint502OnYfinanceFailure" name="test_search_endpoint_returns_502_on_yfinance_failure" time="0.107" /><testcase classname="tests.unit.test_market_signals_page_swap.TestMarketSignalsHappyPath" name="test_returns_200_with_instrument_param" time="0.411" /><testcase classname="tests.unit.test_market_signals_page_swap.TestMarketSignalsHappyPath" name="test_response_is_a_list" time="0.363" /><testcase classname="tests.unit.test_market_signals_page_swap.TestMarketSignalsHappyPath" name="test_response_contains_all_expected_fields" time="0.531" /><testcase classname="tests.unit.test_market_signals_page_swap.TestMarketSignalsHappyPath" name="test_periods_param_limits_returned_rows" time="0.263" /><testcase classname="tests.unit.test_market_signals_page_swap.TestMarketSignalsHappyPath" name="test_instrument_param_filters_to_correct_underlying" time="0.408" /><testcase classname="tests.unit.test_market_signals_page_swap.TestMarketSignalsNoInstrumentParam" name="test_no_instrument_returns_200" time="0.254" /><testcase classname="tests.unit.test_market_signals_page_swap.TestMarketSignalsNoInstrumentParam" name="test_no_instrument_returns_list" time="0.266" /><testcase classname="tests.unit.test_market_signals_page_swap.TestMarketSignalsNoInstrumentParam" name="test_no_instrument_bar_has_required_fields" time="0.405" /><testcase classname="tests.unit.test_market_signals_page_swap.TestMarketSignalsEmptyDB" name="test_empty_db_and_csv_fallback_returns_200" time="0.232" /><testcase classname="tests.unit.test_market_signals_page_swap.TestMarketSignalsEmptyDB" name="test_empty_db_no_instrument_returns_200" time="0.234" /><testcase classname="tests.unit.test_market_signals_page_swap.TestMarketSignalsTimeframeVariants" name="test_timeframe_param_accepted[daily]" time="0.424" /><testcase classname="tests.unit.test_market_signals_page_swap.TestMarketSignalsTimeframeVariants" name="test_timeframe_param_accepted[weekly]" time="0.267" /><testcase classname="tests.unit.test_market_signals_page_swap.TestMarketSignalsTimeframeVariants" name="test_timeframe_param_accepted[monthly]" time="0.424" /><testcase classname="tests.unit.test_market_signals_page_swap.TestMarketSignalsInstrumentContract" name="test_all_tab_instruments_accepted[NIFTY]" time="0.261" /><testcase classname="tests.unit.test_market_signals_page_swap.TestMarketSignalsInstrumentContract" name="test_all_tab_instruments_accepted[BANKNIFTY]" time="0.261" /><testcase classname="tests.unit.test_market_signals_page_swap.TestMarketSignalsInstrumentContract" name="test_all_tab_instruments_accepted[ASML]" time="0.422" /><testcase classname="tests.unit.test_market_signals_page_swap.TestMarketSignalsInstrumentContract" name="test_all_tab_instruments_accepted[NVIDIA]" time="0.261" /><testcase classname="tests.unit.test_middleware.TestTraceIDMiddleware" name="test_response_always_has_x_request_id_header" time="0.022" /><testcase classname="tests.unit.test_middleware.TestTraceIDMiddleware" name="test_custom_x_request_id_is_echoed_back" time="0.023" /><testcase classname="tests.unit.test_middleware.TestTraceIDMiddleware" name="test_auto_generated_x_request_id_is_uuid_format" time="0.024" /><testcase classname="tests.unit.test_middleware.TestTraceIDMiddleware" name="test_health_endpoint_has_x_request_id" time="0.290" /><testcase classname="tests.unit.test_middleware.TestHttpExceptionHandler" name="test_404_response_has_detail_key" time="0.032" /><testcase classname="tests.unit.test_middleware.TestHttpExceptionHandler" name="test_404_response_has_trace_id_key" time="0.023" /><testcase classname="tests.unit.test_middleware.TestHttpExceptionHandler" name="test_404_response_trace_id_matches_response_header" time="0.026" /><testcase classname="tests.unit.test_middleware.TestHttpExceptionHandler" name="test_404_on_unknown_route_has_detail_and_trace_id" time="0.025" /><testcase classname="tests.unit.test_middleware.TestValidationExceptionHandler" name="test_422_response_has_detail_key" time="0.024" /><testcase classname="tests.unit.test_middleware.TestValidationExceptionHandler" name="test_422_response_has_trace_id_key" time="0.026" /><testcase classname="tests.unit.test_middleware.TestValidationExceptionHandler" name="test_422_response_has_x_request_id_header" time="0.029" /><testcase classname="tests.unit.test_middleware.TestRepositoryValidationHandler" name="test_repository_validation_error_returns_422" time="0.020" /><testcase classname="tests.unit.test_middleware.TestRepositoryValidationHandler" name="test_repository_validation_error_has_trace_id" time="0.022" /><testcase classname="tests.unit.test_middleware.TestUnhandledExceptionHandler" name="test_unhandled_exception_returns_500" time="0.047" /><testcase classname="tests.unit.test_middleware.TestUnhandledExceptionHandler" name="test_unhandled_exception_has_detail_and_trace_id" time="0.025" /><testcase classname="tests.unit.test_mobile_detection" name="test_root_android_ua_redirects_to_mobile" time="0.023" /><testcase classname="tests.unit.test_mobile_detection" name="test_root_iphone_ua_redirects_to_mobile" time="0.020" /><testcase classname="tests.unit.test_mobile_detection" name="test_root_desktop_ua_redirects_to_dashboard" time="0.020" /><testcase classname="tests.unit.test_mobile_detection" name="test_root_empty_ua_defaults_to_dashboard" time="0.020" /><testcase classname="tests.unit.test_mobile_detection" name="test_root_plain_opera_ua_does_not_redirect_to_mobile" time="0.020" /><testcase classname="tests.unit.test_mobile_detection" name="test_root_lowercase_android_ua_redirects_to_mobile" time="0.020" /><testcase classname="tests.unit.test_mobile_gateway.TestMobileRouteHappyPath" name="test_returns_200" time="0.385" /><testcase classname="tests.unit.test_mobile_gateway.TestMobileRouteHappyPath" name="test_content_type_is_html" time="0.230" /><testcase classname="tests.unit.test_mobile_gateway.TestMobileRouteQueryParamIgnored" name="test_from_param_ignored_returns_200" time="0.232" /><testcase classname="tests.unit.test_mobile_gateway.TestMobileRouteQueryParamIgnored" name="test_arbitrary_params_ignored" time="0.374" /><testcase classname="tests.unit.test_mobile_gateway.TestGatewayHtmlRequiredIds" name="test_required_id_present[card-rita]" time="0.002" /><testcase classname="tests.unit.test_mobile_gateway.TestGatewayHtmlRequiredIds" name="test_required_id_present[card-onboarding]" time="0.001" /><testcase classname="tests.unit.test_mobile_gateway.TestGatewayHtmlRequiredIds" name="test_required_id_present[card-fno]" time="0.001" /><testcase classname="tests.unit.test_mobile_gateway.TestGatewayHtmlRequiredIds" name="test_required_id_present[card-ops]" time="0.001" /><testcase classname="tests.unit.test_mobile_gateway.TestGatewayHtmlRequiredIds" name="test_required_id_present[card-ds]" time="0.001" /><testcase classname="tests.unit.test_mobile_gateway.TestGatewayHtmlRequiredIds" name="test_required_id_present[footer-desktop-link]" time="0.001" /><testcase classname="tests.unit.test_mobile_gateway.TestGatewayHtmlDesktopLinks" name="test_card_fno_href_contains_desktop_param" time="0.001" /><testcase classname="tests.unit.test_mobile_gateway.TestGatewayHtmlDesktopLinks" name="test_card_ops_href_contains_desktop_param" time="0.001" /><testcase classname="tests.unit.test_mobile_gateway.TestGatewayHtmlDesktopLinks" name="test_card_ds_href_contains_desktop_param" time="0.001" /><testcase classname="tests.unit.test_mobile_gateway.TestGatewayHtmlNoScript" name="test_no_script_tag" time="0.001" /><testcase classname="tests.unit.test_mobile_gateway.TestRootRouteUnchanged" name="test_root_redirects_to_dashboard" time="0.233" /><testcase classname="tests.unit.test_mobile_gateway.TestRootRouteUnchanged" name="test_root_does_not_redirect_to_mobile" time="0.236" /><testcase classname="tests.unit.test_observability.TestLogEvent" name="test_log_event_emits_correct_keys" time="0.009" /><testcase classname="tests.unit.test_observability.TestLogEvent" name="test_log_event_uses_correct_stdlib_level" time="0.004" /><testcase classname="tests.unit.test_observability.TestLogEvent" name="test_log_event_also_calls_structlog_bind" time="0.003" /><testcase classname="tests.unit.test_observability.TestLogEvent" name="test_configure_logging_idempotent" time="0.004" /><testcase classname="tests.unit.test_observability.TestLogEvent" name="test_log_event_before_configure_logging_does_not_crash" time="0.003" /><testcase classname="tests.unit.test_observability.TestClientErrorEndpoint" name="test_valid_payload_returns_204" time="0.355" /><testcase classname="tests.unit.test_observability.TestClientErrorEndpoint" name="test_valid_payload_with_stack_returns_204" time="0.194" /><testcase classname="tests.unit.test_observability.TestClientErrorEndpoint" name="test_null_stack_is_accepted" time="0.193" /><testcase classname="tests.unit.test_observability.TestClientErrorEndpoint" name="test_missing_stack_is_accepted" time="0.343" /><testcase classname="tests.unit.test_observability.TestClientErrorEndpoint" name="test_missing_message_returns_422" time="0.192" /><testcase classname="tests.unit.test_observability.TestClientErrorEndpoint" name="test_oversized_message_returns_422" time="0.338" /><testcase classname="tests.unit.test_observability.TestClientErrorEndpoint" name="test_valid_payload_calls_log_event" time="0.202" /><testcase classname="tests.unit.test_observability.TestGenerateAlerts" name="test_error_rate_high_fires_when_exceeded" time="0.001" /><testcase classname="tests.unit.test_observability.TestGenerateAlerts" name="test_error_rate_high_does_not_fire_at_threshold" time="0.001" /><testcase classname="tests.unit.test_observability.TestGenerateAlerts" name="test_error_rate_high_does_not_fire_below_threshold" time="0.001" /><testcase classname="tests.unit.test_observability.TestGenerateAlerts" name="test_latency_high_fires_when_exceeded" time="0.001" /><testcase classname="tests.unit.test_observability.TestGenerateAlerts" name="test_latency_high_does_not_fire_below_threshold" time="0.001" /><testcase classname="tests.unit.test_observability.TestGenerateAlerts" name="test_no_alerts_when_all_metrics_nominal" time="0.001" /><testcase classname="tests.unit.test_observability.TestGenerateAlerts" name="test_data_stale_warn_fires_when_freshness_between_1_and_3" time="0.001" /><testcase classname="tests.unit.test_observability.TestGenerateAlerts" name="test_data_stale_critical_fires_when_freshness_exceeds_3" time="0.001" /><testcase classname="tests.unit.test_observability.TestGenerateAlerts" name="test_training_failed_fires_on_recent_event" time="0.001" /><testcase classname="tests.unit.test_observability.TestGenerateAlerts" name="test_training_failed_does_not_fire_without_recent_event" time="0.001" /><testcase classname="tests.unit.test_observability.TestGenerateAlerts" name="test_backtest_failed_fires_on_recent_event" time="0.001" /><testcase classname="tests.unit.test_observability.TestGenerateAlerts" name="test_source_down_fires_when_error_rate_exceeds_20pct" time="0.001" /><testcase classname="tests.unit.test_observability.TestGenerateAlerts" name="test_source_down_does_not_fire_when_error_rate_at_threshold" time="0.001" /><testcase classname="tests.unit.test_observability.TestGenerateAlerts" name="test_missing_metrics_summary_writes_empty_alerts" time="0.005" /><testcase classname="tests.unit.test_observability.TestGenerateAlerts" name="test_missing_metrics_summary_read_json_returns_none" time="0.003" /><testcase classname="tests.unit.test_observability.TestGenerateAlerts" name="test_chat_low_confidence_fires_when_exceeded" time="0.001" /><testcase classname="tests.unit.test_observability.TestGenerateAlerts" name="test_experience_error_fires_when_exceeded" time="0.001" /><testcase classname="tests.unit.test_observability.TestGenerateAlerts" name="test_error_rate_high_alert_has_correct_metadata" time="0.001" /><testcase classname="tests.unit.test_repository.TestReadAllEmptyTable" name="test_read_all_empty_table" time="0.031" /><testcase classname="tests.unit.test_repository.TestWriteAndReadRoundTrip" name="test_write_and_read_round_trip" time="0.035" /><testcase classname="tests.unit.test_repository.TestUpsertInsertsNewRecord" name="test_upsert_inserts_new_record" time="0.038" /><testcase classname="tests.unit.test_repository.TestUpsertReplacesExisting" name="test_upsert_replaces_existing" time="0.044" /><testcase classname="tests.unit.test_repository.TestDeleteRemovesRecord" name="test_delete_removes_record" time="0.040" /><testcase classname="tests.unit.test_repository.TestDeleteReturnsFalseWhenNotFound" name="test_delete_returns_false_when_not_found" time="0.036" /><testcase classname="tests.unit.test_repository.TestFindByIdReturnsCorrect" name="test_find_by_id_returns_correct" time="0.039" /><testcase classname="tests.unit.test_repository.TestFindByIdReturnsNoneWhenMissing" name="test_find_by_id_returns_none_when_missing" time="0.032" /><testcase classname="tests.unit.test_repository.TestWriteAllThenReadAll" name="test_write_all_then_read_all" time="0.037" /><testcase classname="tests.unit.test_repository.TestWriteAllEmptyList" name="test_write_all_empty_list" time="0.035" /><testcase classname="tests.unit.test_repository.TestUpsertManyRecords" name="test_upsert_many_records" time="0.049" /><testcase classname="tests.unit.test_services" name="test_record_returns_manoeuvre_with_id" time="0.034" /><testcase classname="tests.unit.test_services" name="test_list_all_empty_initially" time="0.030" /><testcase classname="tests.unit.test_services" name="test_list_all_after_record" time="0.034" /><testcase classname="tests.unit.test_services" name="test_list_recent_respects_limit" time="0.042" /><testcase classname="tests.unit.test_services" name="test_list_recent_is_sorted_desc" time="0.039" /><testcase classname="tests.unit.test_services" name="test_list_by_date_filters_correctly" time="0.038" /><testcase classname="tests.unit.test_services" name="test_record_returns_portfolio_state" time="0.037" /><testcase classname="tests.unit.test_services" name="test_get_latest_returns_most_recent" time="0.041" /><testcase classname="tests.unit.test_services" name="test_get_by_date_returns_matching" time="0.040" /><testcase classname="tests.unit.test_services" name="test_get_by_date_returns_none_when_missing" time="0.031" /><testcase classname="tests.unit.test_shared_js_layer.TestFilesExist" name="test_shared_api_js_exists" time="0.001" /><testcase classname="tests.unit.test_shared_js_layer.TestFilesExist" name="test_shared_utils_js_exists" time="0.001" /><testcase classname="tests.unit.test_shared_js_layer.TestFilesExist" name="test_shared_charts_js_exists" time="0.001" /><testcase classname="tests.unit.test_shared_js_layer.TestFilesExist" name="test_shared_nav_base_js_exists" time="0.001" /><testcase classname="tests.unit.test_shared_js_layer.TestFilesExist" name="test_rita_charts_shim_exists" time="0.001" /><testcase classname="tests.unit.test_shared_js_layer.TestSharedApiExports" name="test_export_apiBase" time="0.007" /><testcase classname="tests.unit.test_shared_js_layer.TestSharedApiExports" name="test_export_api_async_function" time="0.001" /><testcase classname="tests.unit.test_shared_js_layer.TestSharedApiExports" name="test_export_apiFetch_async_function" time="0.001" /><testcase classname="tests.unit.test_shared_js_layer.TestSharedApiExports" name="test_ec1_apiFetch_prepends_apiBase" time="0.001" /><testcase classname="tests.unit.test_shared_js_layer.TestSharedApiExports" name="test_ec3_trace_id_read_at_call_time" time="0.001" /><testcase classname="tests.unit.test_shared_js_layer.TestSharedApiExports" name="test_api_throws_on_non_2xx" time="0.002" /><testcase classname="tests.unit.test_shared_js_layer.TestSharedApiExports" name="test_apiFetch_returns_null_on_error" time="0.001" /><testcase classname="tests.unit.test_shared_js_layer.TestSharedApiExports" name="test_x_request_id_header_present" time="0.001" /><testcase classname="tests.unit.test_shared_js_layer.TestSharedUtilsExports" name="test_export_fmt" time="0.002" /><testcase classname="tests.unit.test_shared_js_layer.TestSharedUtilsExports" name="test_export_fmtPct" time="0.001" /><testcase classname="tests.unit.test_shared_js_layer.TestSharedUtilsExports" name="test_export_fmtMs" time="0.001" /><testcase classname="tests.unit.test_shared_js_layer.TestSharedUtilsExports" name="test_export_setEl_function" time="0.002" /><testcase classname="tests.unit.test_shared_js_layer.TestSharedUtilsExports" name="test_export_appendResult_function" time="0.002" /><testcase classname="tests.unit.test_shared_js_layer.TestSharedUtilsExports" name="test_export_badge_function" time="0.001" /><testcase classname="tests.unit.test_shared_js_layer.TestSharedUtilsExports" name="test_ec5_badge_string_coercion" time="0.001" /><testcase classname="tests.unit.test_shared_js_layer.TestSharedUtilsExports" name="test_ec5_badge_uses_toLowerCase" time="0.001" /><testcase classname="tests.unit.test_shared_js_layer.TestSharedUtilsExports" name="test_fmt_returns_dash_on_null" time="0.001" /><testcase classname="tests.unit.test_shared_js_layer.TestSharedChartsExports" name="test_export_destroyChart" time="0.002" /><testcase classname="tests.unit.test_shared_js_layer.TestSharedChartsExports" name="test_export_mkChart" time="0.001" /><testcase classname="tests.unit.test_shared_js_layer.TestSharedChartsExports" name="test_export_chartOpts" time="0.001" /><testcase classname="tests.unit.test_shared_js_layer.TestSharedChartsExports" name="test_export_C_color_palette" time="0.001" /><testcase classname="tests.unit.test_shared_js_layer.TestSharedChartsExports" name="test_import_path_is_updated_to_rita" time="0.001" /><testcase classname="tests.unit.test_shared_js_layer.TestSharedChartsExports" name="test_old_import_path_not_present" time="0.001" /><testcase classname="tests.unit.test_shared_js_layer.TestSharedNavBaseExports" name="test_export_createNavRegistry" time="0.002" /><testcase classname="tests.unit.test_shared_js_layer.TestSharedNavBaseExports" name="test_register_method_present" time="0.001" /><testcase classname="tests.unit.test_shared_js_layer.TestSharedNavBaseExports" name="test_load_method_present" time="0.001" /><testcase classname="tests.unit.test_shared_js_layer.TestSharedNavBaseExports" name="test_reset_method_present" time="0.001" /><testcase classname="tests.unit.test_shared_js_layer.TestSharedNavBaseExports" name="test_loaders_property_exposed" time="0.001" /><testcase classname="tests.unit.test_shared_js_layer.TestSharedNavBaseExports" name="test_ec6_load_guards_unregistered_keys" time="0.001" /><testcase classname="tests.unit.test_shared_js_layer.TestRitaChartsShim" name="test_shim_contains_reexport_from_shared" time="0.003" /><testcase classname="tests.unit.test_shared_js_layer.TestRitaChartsShim" name="test_shim_is_single_line" time="0.001" /><testcase classname="tests.unit.test_shared_js_layer.TestRitaChartsShim" name="test_shim_path_depth_correct" time="0.001" /><testcase classname="tests.unit.test_shared_js_layer.TestNoCrossContamination" name="test_shared_api_js_has_no_window_bindings" time="0.001" /><testcase classname="tests.unit.test_shared_js_layer.TestNoCrossContamination" name="test_shared_utils_js_no_fetch_calls" time="0.001" /><testcase classname="tests.unit.test_shared_js_layer.TestNoCrossContamination" name="test_shared_nav_base_no_fetch_calls" time="0.001" /><testcase classname="tests.unit.test_strategy_comparison.TestStrategyComparisonHappyPath" name="test_returns_200_for_valid_instrument_and_year" time="0.031" /><testcase classname="tests.unit.test_strategy_comparison.TestStrategyComparisonHappyPath" name="test_response_contains_required_top_level_keys" time="0.031" /><testcase classname="tests.unit.test_strategy_comparison.TestStrategyComparisonHappyPath" name="test_instrument_echoed_uppercase" time="0.030" /><testcase classname="tests.unit.test_strategy_comparison.TestStrategyComparisonHappyPath" name="test_year_echoed_in_response" time="0.030" /><testcase classname="tests.unit.test_strategy_comparison.TestStrategyComparisonHappyPath" name="test_exactly_five_strategies_returned" time="0.029" /><testcase classname="tests.unit.test_strategy_comparison.TestStrategyComparisonHappyPath" name="test_strategy_names_match_expected_set" time="0.028" /><testcase classname="tests.unit.test_strategy_comparison.TestStrategyComparisonHappyPath" name="test_strategy_has_required_fields" time="0.032" /><testcase classname="tests.unit.test_strategy_comparison.TestStrategyComparisonHappyPath" name="test_summary_has_five_rows" time="0.032" /><testcase classname="tests.unit.test_strategy_comparison.TestStrategyComparisonHappyPath" name="test_summary_row_has_all_metric_fields" time="0.033" /><testcase classname="tests.unit.test_strategy_comparison.TestStrategyComparisonHappyPath" name="test_dates_is_list_of_strings" time="0.032" /><testcase classname="tests.unit.test_strategy_comparison.TestStrategyComparisonHappyPath" name="test_equity_length_matches_dates_length" time="0.031" /><testcase classname="tests.unit.test_strategy_comparison.TestStrategyComparisonHappyPath" name="test_no_error_field_on_success" time="0.030" /><testcase classname="tests.unit.test_strategy_comparison.TestStrategyComparisonHappyPath" name="test_color_is_hex_string" time="0.029" /><testcase classname="tests.unit.test_strategy_comparison.TestStrategyComparisonHappyPath" name="test_no_db_commit_in_route" time="0.029" /><testcase classname="tests.unit.test_strategy_comparison.TestStrategyComparisonEdgeCases" name="test_instrument_not_found_returns_200_with_error" time="0.016" /><testcase classname="tests.unit.test_strategy_comparison.TestStrategyComparisonEdgeCases" name="test_empty_year_returns_error_payload" time="0.020" /><testcase classname="tests.unit.test_strategy_comparison.TestStrategyComparisonEdgeCases" name="test_sanitize_replaces_nan_with_zero" time="0.001" /><testcase classname="tests.unit.test_strategy_comparison.TestStrategyComparisonEdgeCases" name="test_equity_values_are_finite_floats" time="0.032" /><testcase classname="tests.unit.test_strategy_comparison.TestStrategyComparisonEdgeCases" name="test_summary_floats_are_finite" time="0.029" /><testcase classname="tests.unit.test_strategy_comparison.TestStrategyComparisonEdgeCases" name="test_invalid_year_coerced_to_2025" time="0.027" /><testcase classname="tests.unit.test_strategy_comparison.TestStrategyComparisonEdgeCases" name="test_year_2026_is_accepted" time="0.030" /><testcase classname="tests.unit.test_strategy_comparison.TestStrategyComparisonEdgeCases" name="test_commentary_dispatch_key_registered" time="0.001" /><testcase classname="tests.unit.test_strategy_comparison.TestStrategyComparisonEdgeCases" name="test_generic_data_loader_exception_returns_error_payload" time="0.020" /><testcase classname="tests.unit.test_strategy_comparison.TestStrategyComparisonEdgeCases" name="test_zero_trade_strategy_win_rate_is_zero" time="0.001" /><testcase classname="tests.unit.test_strategy_comparison.TestStrategyRunners" name="test_buy_and_hold_returns_equity_same_length" time="0.001" /><testcase classname="tests.unit.test_strategy_comparison.TestStrategyRunners" name="test_buy_and_hold_equity_grows_in_uptrend" time="0.001" /><testcase classname="tests.unit.test_strategy_comparison.TestStrategyRunners" name="test_buy_and_hold_flat_market_no_win" time="0.001" /><testcase classname="tests.unit.test_strategy_comparison.TestStrategyRunners" name="test_value_investing_returns_correct_length" time="0.002" /><testcase classname="tests.unit.test_strategy_comparison.TestStrategyRunners" name="test_momentum_returns_correct_length" time="0.001" /><testcase classname="tests.unit.test_strategy_comparison.TestStrategyRunners" name="test_swing_trading_returns_correct_length" time="0.001" /><testcase classname="tests.unit.test_strategy_comparison.TestStrategyRunners" name="test_support_resistance_returns_correct_length" time="0.002" /><testcase classname="tests.unit.test_strategy_comparison.TestStrategyRunners" name="test_wins_never_exceed_n_trades" time="0.004" /><testcase classname="tests.unit.test_strategy_comparison.TestStrategyComparisonContractCheck" name="test_strategy_comparison_response_schema_fields" time="0.001" /><testcase classname="tests.unit.test_strategy_comparison.TestStrategyComparisonContractCheck" name="test_strategy_result_schema_fields" time="0.001" /><testcase classname="tests.unit.test_strategy_comparison.TestStrategyComparisonContractCheck" name="test_strategy_summary_row_schema_fields" time="0.001" /><testcase classname="tests.unit.test_strategy_comparison.TestStrategyComparisonContractCheck" name="test_strategies_is_list_in_response" time="0.034" /><testcase classname="tests.unit.test_strategy_comparison.TestStrategyComparisonContractCheck" name="test_summary_total_return_pct_is_float" time="0.030" /><testcase classname="tests.unit.test_strategy_comparison.TestStrategyComparisonContractCheck" name="test_n_trades_is_integer" time="0.028" /><testcase classname="tests.unit.test_strategy_comparison.TestStrategyComparisonContractCheck" name="test_error_field_is_null_or_string" time="0.029" /><testcase classname="tests.unit.test_technical_commentary.TestTechnicalCommentaryHappyPath" name="test_returns_200" time="0.043" /><testcase classname="tests.unit.test_technical_commentary.TestTechnicalCommentaryHappyPath" name="test_response_has_instrument_field" time="0.034" /><testcase classname="tests.unit.test_technical_commentary.TestTechnicalCommentaryHappyPath" name="test_response_has_commentary_string" time="0.037" /><testcase classname="tests.unit.test_technical_commentary.TestTechnicalCommentaryHappyPath" name="test_response_has_signal_summary_list" time="0.034" /><testcase classname="tests.unit.test_technical_commentary.TestTechnicalCommentaryHappyPath" name="test_signal_summary_items_have_required_fields" time="0.033" /><testcase classname="tests.unit.test_technical_commentary.TestTechnicalCommentaryHappyPath" name="test_instrument_param_uppercased" time="0.032" /><testcase classname="tests.unit.test_technical_commentary.TestTechnicalCommentaryNoData" name="test_returns_200_not_500" time="0.016" /><testcase classname="tests.unit.test_technical_commentary.TestTechnicalCommentaryNoData" name="test_commentary_says_no_data" time="0.015" /><testcase classname="tests.unit.test_technical_commentary.TestTechnicalCommentaryNoData" name="test_signal_summary_is_empty_list" time="0.015" /><testcase classname="tests.unit.test_technical_commentary.TestTechnicalCommentaryNoData" name="test_instrument_field_still_present" time="0.017" /><testcase classname="tests.unit.test_technical_commentary.TestTechnicalCommentaryNullIndicators" name="test_returns_200_with_flat_data" time="0.032" /><testcase classname="tests.unit.test_technical_commentary.TestTechnicalCommentaryNullIndicators" name="test_no_crash_on_zero_atr" time="0.028" /><testcase classname="tests.unit.test_technical_commentary.TestTechnicalCommentaryNullIndicators" name="test_state_is_neutral_when_rsi_nan" time="0.030" /><testcase classname="tests.unit.test_technical_commentary.TestTechnicalCommentaryNullIndicators" name="test_signal_summary_contains_valid_state_values" time="0.032" /><testcase classname="tests.unit.test_technical_commentary.TestTechnicalCommentaryNullIndicators" name="test_single_record_does_not_crash" time="0.026" /><testcase classname="tests.unit.test_technical_commentary.TestAPIFrontendContract" name="test_contract_instrument_field" time="0.033" /><testcase classname="tests.unit.test_technical_commentary.TestAPIFrontendContract" name="test_contract_commentary_field" time="0.035" /><testcase classname="tests.unit.test_technical_commentary.TestAPIFrontendContract" name="test_contract_signal_summary_field" time="0.033" /><testcase classname="tests.unit.test_technical_commentary.TestAPIFrontendContract" name="test_contract_signal_summary_item_label" time="0.035" /><testcase classname="tests.unit.test_technical_commentary.TestAPIFrontendContract" name="test_contract_signal_summary_item_value" time="0.030" /><testcase classname="tests.unit.test_technical_commentary.TestAPIFrontendContract" name="test_contract_signal_summary_item_state" time="0.031" /><testcase classname="tests.unit.test_workflow_integration" name="test_start_training_returns_pending" time="0.041" /><testcase classname="tests.unit.test_workflow_integration" name="test_start_training_persists_run" time="0.038" /><testcase classname="tests.unit.test_workflow_integration" name="test_list_runs_empty_initially" time="0.031" /><testcase classname="tests.unit.test_workflow_integration" name="test_list_runs_after_start" time="0.040" /><testcase classname="tests.unit.test_workflow_integration" name="test_list_metrics_empty_before_completion" time="0.041" /><testcase classname="tests.unit.test_workflow_integration" name="test_background_thread_completes" time="0.136" /></testsuite></testsuites>