<?xml version="1.0" encoding="utf-8"?><testsuites name="pytest tests"><testsuite name="pytest" errors="0" failures="0" skipped="0" tests="5" time="5.609" timestamp="2026-04-17T17:33:39.783496+02:00" hostname="DESKTOP-2OUI3G2"><testcase classname="tests.integration.test_security" name="test_cors_preflight" time="3.904" /><testcase classname="tests.integration.test_security" name="test_unauthenticated_workflow" time="0.013" /><testcase classname="tests.integration.test_security" name="test_login_wrong_password" time="0.018" /><testcase classname="tests.integration.test_security" name="test_login_returns_token" time="0.035" /><testcase classname="tests.integration.test_security" name="test_authenticated_workflow" time="0.104" /></testsuite></testsuites>