<?xml version="1.0" encoding="utf-8"?><testsuites name="pytest tests"><testsuite name="pytest" errors="0" failures="0" skipped="0" tests="5" time="6.192" timestamp="2026-05-26T18:29:05.223302+02:00" hostname="Sandeeps-MacBook-Pro.local"><testcase classname="tests.integration.test_security" name="test_cors_preflight" time="5.379" /><testcase classname="tests.integration.test_security" name="test_unauthenticated_workflow" time="0.008" /><testcase classname="tests.integration.test_security" name="test_login_wrong_password" time="0.006" /><testcase classname="tests.integration.test_security" name="test_login_returns_token" time="0.014" /><testcase classname="tests.integration.test_security" name="test_authenticated_workflow" time="0.048" /></testsuite></testsuites>