<?xml version="1.0" encoding="utf-8"?><testsuites name="pytest tests"><testsuite name="pytest" errors="0" failures="0" skipped="0" tests="5" time="3.763" timestamp="2026-04-25T09:49:10.596400+02:00" hostname="DESKTOP-2OUI3G2"><testcase classname="tests.integration.test_security" name="test_cors_preflight" time="2.779" /><testcase classname="tests.integration.test_security" name="test_unauthenticated_workflow" time="0.009" /><testcase classname="tests.integration.test_security" name="test_login_wrong_password" time="0.010" /><testcase classname="tests.integration.test_security" name="test_login_returns_token" time="0.027" /><testcase classname="tests.integration.test_security" name="test_authenticated_workflow" time="0.071" /></testsuite></testsuites>