<?xml version="1.0" encoding="utf-8"?><testsuites name="pytest tests"><testsuite name="pytest" errors="0" failures="4" skipped="0" tests="20" time="113.321" timestamp="2026-05-26T18:03:48.804037+02:00" hostname="Sandeeps-MacBook-Pro.local"><testcase classname="tests.e2e.test_rita_scenarios" name="test_overview_health" time="7.497" /><testcase classname="tests.e2e.test_rita_scenarios" name="test_overview_readiness" time="1.012" /><testcase classname="tests.e2e.test_rita_scenarios" name="test_overview_metrics" time="1.027" /><testcase classname="tests.e2e.test_rita_scenarios" name="test_financial_goal_performance_summary" time="1.035" /><testcase classname="tests.e2e.test_rita_scenarios" name="test_market_signals" time="5.146" /><testcase classname="tests.e2e.test_rita_scenarios" name="test_scenarios_load_data" time="1.031" /><testcase classname="tests.e2e.test_rita_scenarios" name="test_scenarios_submit_backtest" time="1.034" /><testcase classname="tests.e2e.test_rita_scenarios" name="test_performance_summary" time="1.016" /><testcase classname="tests.e2e.test_rita_scenarios" name="test_performance_backtest_daily" time="5.023" /><testcase classname="tests.e2e.test_rita_scenarios" name="test_trade_journal" time="1.016" /><testcase classname="tests.e2e.test_rita_scenarios" name="test_trade_diagnostics_daily" time="1.019" /><testcase classname="tests.e2e.test_rita_scenarios" name="test_explainability_shap" time="1.017" /><testcase classname="tests.e2e.test_rita_scenarios" name="test_risk_timeline" time="5.023" /><testcase classname="tests.e2e.test_rita_scenarios" name="test_training_history" time="1.022" /><testcase classname="tests.e2e.test_rita_scenarios" name="test_training_submit" time="1.052" /><testcase classname="tests.e2e.test_rita_scenarios" name="test_observability_drift" time="1.199" /><testcase classname="tests.e2e.test_rita_scenarios" name="test_observability_step_log" time="20.010"><failure message="requests.exceptions.ReadTimeout: HTTPConnectionPool(host='127.0.0.1', port=8765): Read timed out. (read timeout=15)">E   TimeoutError: timed out

The above exception was the direct cause of the following exception:
E   urllib3.exceptions.ReadTimeoutError: HTTPConnectionPool(host='127.0.0.1', port=8765): Read timed out. (read timeout=15)

During handling of the above exception, another exception occurred:
E   requests.exceptions.ReadTimeout: HTTPConnectionPool(host='127.0.0.1', port=8765): Read timed out. (read timeout=15)</failure></testcase><testcase classname="tests.e2e.test_rita_scenarios" name="test_mcp_calls" time="16.005"><failure message="requests.exceptions.ReadTimeout: HTTPConnectionPool(host='127.0.0.1', port=8765): Read timed out. (read timeout=15)">E   TimeoutError: timed out

The above exception was the direct cause of the following exception:
E   urllib3.exceptions.ReadTimeoutError: HTTPConnectionPool(host='127.0.0.1', port=8765): Read timed out. (read timeout=15)

During handling of the above exception, another exception occurred:
E   requests.exceptions.ReadTimeout: HTTPConnectionPool(host='127.0.0.1', port=8765): Read timed out. (read timeout=15)</failure></testcase><testcase classname="tests.e2e.test_rita_scenarios" name="test_audit_training_history" time="16.005"><failure message="requests.exceptions.ReadTimeout: HTTPConnectionPool(host='127.0.0.1', port=8765): Read timed out. (read timeout=15)">E   TimeoutError: timed out

The above exception was the direct cause of the following exception:
E   urllib3.exceptions.ReadTimeoutError: HTTPConnectionPool(host='127.0.0.1', port=8765): Read timed out. (read timeout=15)

During handling of the above exception, another exception occurred:
E   requests.exceptions.ReadTimeout: HTTPConnectionPool(host='127.0.0.1', port=8765): Read timed out. (read timeout=15)</failure></testcase><testcase classname="tests.e2e.test_rita_scenarios" name="test_audit_step_log" time="26.041"><failure message="requests.exceptions.ReadTimeout: HTTPConnectionPool(host='127.0.0.1', port=8765): Read timed out. (read timeout=15)">E   TimeoutError: timed out

The above exception was the direct cause of the following exception:
E   urllib3.exceptions.ReadTimeoutError: HTTPConnectionPool(host='127.0.0.1', port=8765): Read timed out. (read timeout=15)

During handling of the above exception, another exception occurred:
E   requests.exceptions.ReadTimeout: HTTPConnectionPool(host='127.0.0.1', port=8765): Read timed out. (read timeout=15)</failure></testcase></testsuite></testsuites>